

Started GET "/" for ::1 at 2015-02-03 20:20:32 +0900
Processing by Rails::WelcomeController#index as HTML
  Rendered /Users/madoka/.rbenv/versions/2.1.5/lib/ruby/gems/2.1.0/gems/railties-4.2.0/lib/rails/templates/rails/welcome/index.html.erb (1.9ms)
Completed 200 OK in 17ms (Views: 9.5ms | ActiveRecord: 0.0ms)


Started GET "/" for ::1 at 2015-02-03 21:47:01 +0900
Processing by PagesController#index as HTML
  Rendered pages/index.html.erb within layouts/application (1.6ms)
Completed 200 OK in 4340ms (Views: 4329.4ms | ActiveRecord: 0.0ms)


Started GET "/" for ::1 at 2015-02-03 21:47:06 +0900
Processing by PagesController#index as HTML
  Rendered pages/index.html.erb within layouts/application (0.0ms)
Completed 200 OK in 140ms (Views: 140.0ms | ActiveRecord: 0.0ms)


Started GET "/assets/application-7414ce0f8de34c6013ad991295677433.css?body=1" for ::1 at 2015-02-03 21:47:06 +0900


Started GET "/assets/jquery-87424c3c19e96d4fb033c10ebe21ec40.js?body=1" for ::1 at 2015-02-03 21:47:06 +0900


Started GET "/assets/bootstrap/affix-31984abe1036c1c2f684af192191ce9f.js?body=1" for ::1 at 2015-02-03 21:47:06 +0900


Started GET "/assets/bootstrap/alert-7c03e11fecf6b3ef100f76ae4f08586e.js?body=1" for ::1 at 2015-02-03 21:47:06 +0900


Started GET "/assets/bootstrap/button-98bba85be4dcdd597554e0b7ce8e33a2.js?body=1" for ::1 at 2015-02-03 21:47:06 +0900


Started GET "/assets/bootstrap/carousel-93f34f850a932957c93b7605c79faf45.js?body=1" for ::1 at 2015-02-03 21:47:06 +0900


Started GET "/assets/bootstrap/collapse-7a82a3d4fb154ded3d2702465e21ca00.js?body=1" for ::1 at 2015-02-03 21:47:06 +0900


Started GET "/assets/bootstrap/dropdown-65c3929585250221f53bae696936ed44.js?body=1" for ::1 at 2015-02-03 21:47:06 +0900


Started GET "/assets/bootstrap/tab-a90a1841af8c1eae12bfa5283a8093b0.js?body=1" for ::1 at 2015-02-03 21:47:06 +0900


Started GET "/assets/bootstrap/modal-ce380b9327d2cf6c826d8df818ea48a1.js?body=1" for ::1 at 2015-02-03 21:47:06 +0900


Started GET "/assets/bootstrap/transition-9e4de96204f41141474e9dbb59570af9.js?body=1" for ::1 at 2015-02-03 21:47:06 +0900


Started GET "/assets/bootstrap/scrollspy-e550695030be1d627d1ba91b14792316.js?body=1" for ::1 at 2015-02-03 21:47:06 +0900


Started GET "/assets/bootstrap/tooltip-4d90d4ee015d2df34a7696864b2ea83c.js?body=1" for ::1 at 2015-02-03 21:47:06 +0900


Started GET "/assets/bootstrap/popover-5a060f876311e7fcb18f35058070de5a.js?body=1" for ::1 at 2015-02-03 21:47:06 +0900


Started GET "/assets/bootstrap-sprockets-00b1738c651720f44abc4bbf70bedb3e.js?body=1" for ::1 at 2015-02-03 21:47:06 +0900


Started GET "/assets/jquery_ujs-e27bd20a10d28155845a22d71ef94f2f.js?body=1" for ::1 at 2015-02-03 21:47:06 +0900


Started GET "/assets/turbolinks-da8ddad9c2c5483d4c5c30c1ce325253.js?body=1" for ::1 at 2015-02-03 21:47:06 +0900


Started GET "/assets/pages-fcec5b5a277ac7c20cc9f45a209a3bcd.js?body=1" for ::1 at 2015-02-03 21:47:06 +0900


Started GET "/assets/application-78fcccba0b55a20c04b71be8b7b49f35.js?body=1" for ::1 at 2015-02-03 21:47:06 +0900


Started GET "/about" for ::1 at 2015-02-03 21:47:39 +0900
Processing by PagesController#about as HTML
  Rendered pages/about.html.erb within layouts/application (0.3ms)
Completed 200 OK in 88ms (Views: 86.4ms | ActiveRecord: 0.0ms)


Started GET "/" for ::1 at 2015-02-04 21:23:11 +0900
Processing by PagesController#index as HTML
  Rendered pages/index.html.erb within layouts/application (1.5ms)
Completed 200 OK in 366ms (Views: 356.9ms | ActiveRecord: 0.0ms)


Started GET "/assets/jquery-87424c3c19e96d4fb033c10ebe21ec40.js?body=1" for ::1 at 2015-02-04 21:23:11 +0900


Started GET "/assets/bootstrap/affix-31984abe1036c1c2f684af192191ce9f.js?body=1" for ::1 at 2015-02-04 21:23:11 +0900


Started GET "/assets/bootstrap/button-98bba85be4dcdd597554e0b7ce8e33a2.js?body=1" for ::1 at 2015-02-04 21:23:11 +0900


Started GET "/assets/bootstrap/collapse-7a82a3d4fb154ded3d2702465e21ca00.js?body=1" for ::1 at 2015-02-04 21:23:11 +0900


Started GET "/assets/bootstrap/carousel-93f34f850a932957c93b7605c79faf45.js?body=1" for ::1 at 2015-02-04 21:23:11 +0900


Started GET "/assets/bootstrap/dropdown-65c3929585250221f53bae696936ed44.js?body=1" for ::1 at 2015-02-04 21:23:11 +0900


Started GET "/assets/bootstrap/alert-7c03e11fecf6b3ef100f76ae4f08586e.js?body=1" for ::1 at 2015-02-04 21:23:11 +0900


Started GET "/dist/css/bootstrap.min.css" for ::1 at 2015-02-04 21:23:12 +0900

ActionController::RoutingError (No route matches [GET] "/dist/css/bootstrap.min.css"):
  web-console (2.0.0) lib/action_dispatch/debug_exceptions.rb:22:in `middleware_call'
  web-console (2.0.0) lib/action_dispatch/debug_exceptions.rb:13:in `call'
  actionpack (4.2.0) lib/action_dispatch/middleware/show_exceptions.rb:30:in `call'
  railties (4.2.0) lib/rails/rack/logger.rb:38:in `call_app'
  railties (4.2.0) lib/rails/rack/logger.rb:20:in `block in call'
  activesupport (4.2.0) lib/active_support/tagged_logging.rb:68:in `block in tagged'
  activesupport (4.2.0) lib/active_support/tagged_logging.rb:26:in `tagged'
  activesupport (4.2.0) lib/active_support/tagged_logging.rb:68:in `tagged'
  railties (4.2.0) lib/rails/rack/logger.rb:20:in `call'
  actionpack (4.2.0) lib/action_dispatch/middleware/request_id.rb:21:in `call'
  rack (1.6.0) lib/rack/methodoverride.rb:22:in `call'
  rack (1.6.0) lib/rack/runtime.rb:18:in `call'
  activesupport (4.2.0) lib/active_support/cache/strategy/local_cache_middleware.rb:28:in `call'
  rack (1.6.0) lib/rack/lock.rb:17:in `call'
  actionpack (4.2.0) lib/action_dispatch/middleware/static.rb:113:in `call'
  rack (1.6.0) lib/rack/sendfile.rb:113:in `call'
  railties (4.2.0) lib/rails/engine.rb:518:in `call'
  railties (4.2.0) lib/rails/application.rb:164:in `call'
  rack (1.6.0) lib/rack/lock.rb:17:in `call'
  rack (1.6.0) lib/rack/content_length.rb:15:in `call'
  rack (1.6.0) lib/rack/handler/webrick.rb:89:in `service'
  /Users/madoka/.rbenv/versions/2.1.5/lib/ruby/2.1.0/webrick/httpserver.rb:138:in `service'
  /Users/madoka/.rbenv/versions/2.1.5/lib/ruby/2.1.0/webrick/httpserver.rb:94:in `run'
  /Users/madoka/.rbenv/versions/2.1.5/lib/ruby/2.1.0/webrick/server.rb:295:in `block in start_thread'


  Rendered /Users/madoka/.rbenv/versions/2.1.5/lib/ruby/gems/2.1.0/gems/web-console-2.0.0/lib/action_dispatch/templates/rescues/_trace.html.erb (1.3ms)
  Rendered /Users/madoka/.rbenv/versions/2.1.5/lib/ruby/gems/2.1.0/gems/web-console-2.0.0/lib/action_dispatch/templates/routes/_route.html.erb (0.5ms)
  Rendered /Users/madoka/.rbenv/versions/2.1.5/lib/ruby/gems/2.1.0/gems/web-console-2.0.0/lib/action_dispatch/templates/routes/_table.html.erb (7.7ms)
  Rendered /Users/madoka/.rbenv/versions/2.1.5/lib/ruby/gems/2.1.0/gems/web-console-2.0.0/lib/action_dispatch/templates/rescues/_request_and_response.html.erb (1.5ms)
  Rendered /Users/madoka/.rbenv/versions/2.1.5/lib/ruby/gems/2.1.0/gems/web-console-2.0.0/lib/action_dispatch/templates/rescues/_web_console.html.erb (1.1ms)
  Rendered /Users/madoka/.rbenv/versions/2.1.5/lib/ruby/gems/2.1.0/gems/web-console-2.0.0/lib/action_dispatch/templates/rescues/routing_error.html.erb within rescues/layout (45.0ms)


Started GET "/sticky-footer.css" for ::1 at 2015-02-04 21:23:12 +0900

ActionController::RoutingError (No route matches [GET] "/sticky-footer.css"):
  web-console (2.0.0) lib/action_dispatch/debug_exceptions.rb:22:in `middleware_call'
  web-console (2.0.0) lib/action_dispatch/debug_exceptions.rb:13:in `call'
  actionpack (4.2.0) lib/action_dispatch/middleware/show_exceptions.rb:30:in `call'
  railties (4.2.0) lib/rails/rack/logger.rb:38:in `call_app'
  railties (4.2.0) lib/rails/rack/logger.rb:20:in `block in call'
  activesupport (4.2.0) lib/active_support/tagged_logging.rb:68:in `block in tagged'
  activesupport (4.2.0) lib/active_support/tagged_logging.rb:26:in `tagged'
  activesupport (4.2.0) lib/active_support/tagged_logging.rb:68:in `tagged'
  railties (4.2.0) lib/rails/rack/logger.rb:20:in `call'
  actionpack (4.2.0) lib/action_dispatch/middleware/request_id.rb:21:in `call'
  rack (1.6.0) lib/rack/methodoverride.rb:22:in `call'
  rack (1.6.0) lib/rack/runtime.rb:18:in `call'
  activesupport (4.2.0) lib/active_support/cache/strategy/local_cache_middleware.rb:28:in `call'
  rack (1.6.0) lib/rack/lock.rb:17:in `call'
  actionpack (4.2.0) lib/action_dispatch/middleware/static.rb:113:in `call'
  rack (1.6.0) lib/rack/sendfile.rb:113:in `call'
  railties (4.2.0) lib/rails/engine.rb:518:in `call'
  railties (4.2.0) lib/rails/application.rb:164:in `call'
  rack (1.6.0) lib/rack/lock.rb:17:in `call'
  rack (1.6.0) lib/rack/content_length.rb:15:in `call'
  rack (1.6.0) lib/rack/handler/webrick.rb:89:in `service'
  /Users/madoka/.rbenv/versions/2.1.5/lib/ruby/2.1.0/webrick/httpserver.rb:138:in `service'
  /Users/madoka/.rbenv/versions/2.1.5/lib/ruby/2.1.0/webrick/httpserver.rb:94:in `run'
  /Users/madoka/.rbenv/versions/2.1.5/lib/ruby/2.1.0/webrick/server.rb:295:in `block in start_thread'


  Rendered /Users/madoka/.rbenv/versions/2.1.5/lib/ruby/gems/2.1.0/gems/web-console-2.0.0/lib/action_dispatch/templates/rescues/_trace.html.erb (0.9ms)
  Rendered /Users/madoka/.rbenv/versions/2.1.5/lib/ruby/gems/2.1.0/gems/web-console-2.0.0/lib/action_dispatch/templates/routes/_route.html.erb (0.8ms)
  Rendered /Users/madoka/.rbenv/versions/2.1.5/lib/ruby/gems/2.1.0/gems/web-console-2.0.0/lib/action_dispatch/templates/routes/_table.html.erb (1.4ms)
  Rendered /Users/madoka/.rbenv/versions/2.1.5/lib/ruby/gems/2.1.0/gems/web-console-2.0.0/lib/action_dispatch/templates/rescues/_request_and_response.html.erb (1.2ms)
  Rendered /Users/madoka/.rbenv/versions/2.1.5/lib/ruby/gems/2.1.0/gems/web-console-2.0.0/lib/action_dispatch/templates/rescues/_web_console.html.erb (0.8ms)
  Rendered /Users/madoka/.rbenv/versions/2.1.5/lib/ruby/gems/2.1.0/gems/web-console-2.0.0/lib/action_dispatch/templates/rescues/routing_error.html.erb within rescues/layout (25.5ms)


Started GET "/assets/bootstrap/tab-a90a1841af8c1eae12bfa5283a8093b0.js?body=1" for ::1 at 2015-02-04 21:23:12 +0900


Started GET "/assets/bootstrap/transition-9e4de96204f41141474e9dbb59570af9.js?body=1" for ::1 at 2015-02-04 21:23:12 +0900


Started GET "/assets/bootstrap/scrollspy-e550695030be1d627d1ba91b14792316.js?body=1" for ::1 at 2015-02-04 21:23:12 +0900


Started GET "/assets/bootstrap/modal-ce380b9327d2cf6c826d8df818ea48a1.js?body=1" for ::1 at 2015-02-04 21:23:12 +0900


Started GET "/assets/bootstrap/tooltip-4d90d4ee015d2df34a7696864b2ea83c.js?body=1" for ::1 at 2015-02-04 21:23:12 +0900


Started GET "/assets/bootstrap/popover-5a060f876311e7fcb18f35058070de5a.js?body=1" for ::1 at 2015-02-04 21:23:12 +0900


Started GET "/assets/bootstrap-sprockets-00b1738c651720f44abc4bbf70bedb3e.js?body=1" for ::1 at 2015-02-04 21:23:12 +0900


Started GET "/assets/jquery_ujs-e27bd20a10d28155845a22d71ef94f2f.js?body=1" for ::1 at 2015-02-04 21:23:12 +0900


Started GET "/assets/turbolinks-da8ddad9c2c5483d4c5c30c1ce325253.js?body=1" for ::1 at 2015-02-04 21:23:12 +0900


Started GET "/assets/pages-fcec5b5a277ac7c20cc9f45a209a3bcd.js?body=1" for ::1 at 2015-02-04 21:23:12 +0900


Started GET "/assets/application-78fcccba0b55a20c04b71be8b7b49f35.js?body=1" for ::1 at 2015-02-04 21:23:12 +0900


Started GET "/assets/js/ie-emulation-modes-warning.js" for ::1 at 2015-02-04 21:23:12 +0900

ActionController::RoutingError (No route matches [GET] "/assets/js/ie-emulation-modes-warning.js"):
  web-console (2.0.0) lib/action_dispatch/debug_exceptions.rb:22:in `middleware_call'
  web-console (2.0.0) lib/action_dispatch/debug_exceptions.rb:13:in `call'
  actionpack (4.2.0) lib/action_dispatch/middleware/show_exceptions.rb:30:in `call'
  railties (4.2.0) lib/rails/rack/logger.rb:38:in `call_app'
  railties (4.2.0) lib/rails/rack/logger.rb:20:in `block in call'
  activesupport (4.2.0) lib/active_support/tagged_logging.rb:68:in `block in tagged'
  activesupport (4.2.0) lib/active_support/tagged_logging.rb:26:in `tagged'
  activesupport (4.2.0) lib/active_support/tagged_logging.rb:68:in `tagged'
  railties (4.2.0) lib/rails/rack/logger.rb:20:in `call'
  actionpack (4.2.0) lib/action_dispatch/middleware/request_id.rb:21:in `call'
  rack (1.6.0) lib/rack/methodoverride.rb:22:in `call'
  rack (1.6.0) lib/rack/runtime.rb:18:in `call'
  activesupport (4.2.0) lib/active_support/cache/strategy/local_cache_middleware.rb:28:in `call'
  rack (1.6.0) lib/rack/lock.rb:17:in `call'
  actionpack (4.2.0) lib/action_dispatch/middleware/static.rb:113:in `call'
  rack (1.6.0) lib/rack/sendfile.rb:113:in `call'
  railties (4.2.0) lib/rails/engine.rb:518:in `call'
  railties (4.2.0) lib/rails/application.rb:164:in `call'
  rack (1.6.0) lib/rack/lock.rb:17:in `call'
  rack (1.6.0) lib/rack/content_length.rb:15:in `call'
  rack (1.6.0) lib/rack/handler/webrick.rb:89:in `service'
  /Users/madoka/.rbenv/versions/2.1.5/lib/ruby/2.1.0/webrick/httpserver.rb:138:in `service'
  /Users/madoka/.rbenv/versions/2.1.5/lib/ruby/2.1.0/webrick/httpserver.rb:94:in `run'
  /Users/madoka/.rbenv/versions/2.1.5/lib/ruby/2.1.0/webrick/server.rb:295:in `block in start_thread'


  Rendered /Users/madoka/.rbenv/versions/2.1.5/lib/ruby/gems/2.1.0/gems/web-console-2.0.0/lib/action_dispatch/templates/rescues/_trace.html.erb (1.2ms)
  Rendered /Users/madoka/.rbenv/versions/2.1.5/lib/ruby/gems/2.1.0/gems/web-console-2.0.0/lib/action_dispatch/templates/routes/_route.html.erb (1.8ms)
  Rendered /Users/madoka/.rbenv/versions/2.1.5/lib/ruby/gems/2.1.0/gems/web-console-2.0.0/lib/action_dispatch/templates/routes/_table.html.erb (1.1ms)
  Rendered /Users/madoka/.rbenv/versions/2.1.5/lib/ruby/gems/2.1.0/gems/web-console-2.0.0/lib/action_dispatch/templates/rescues/_request_and_response.html.erb (0.8ms)
  Rendered /Users/madoka/.rbenv/versions/2.1.5/lib/ruby/gems/2.1.0/gems/web-console-2.0.0/lib/action_dispatch/templates/rescues/_web_console.html.erb (0.9ms)
  Rendered /Users/madoka/.rbenv/versions/2.1.5/lib/ruby/gems/2.1.0/gems/web-console-2.0.0/lib/action_dispatch/templates/rescues/routing_error.html.erb within rescues/layout (27.1ms)


Started GET "/assets/js/ie10-viewport-bug-workaround.js" for ::1 at 2015-02-04 21:23:12 +0900

ActionController::RoutingError (No route matches [GET] "/assets/js/ie10-viewport-bug-workaround.js"):
  web-console (2.0.0) lib/action_dispatch/debug_exceptions.rb:22:in `middleware_call'
  web-console (2.0.0) lib/action_dispatch/debug_exceptions.rb:13:in `call'
  actionpack (4.2.0) lib/action_dispatch/middleware/show_exceptions.rb:30:in `call'
  railties (4.2.0) lib/rails/rack/logger.rb:38:in `call_app'
  railties (4.2.0) lib/rails/rack/logger.rb:20:in `block in call'
  activesupport (4.2.0) lib/active_support/tagged_logging.rb:68:in `block in tagged'
  activesupport (4.2.0) lib/active_support/tagged_logging.rb:26:in `tagged'
  activesupport (4.2.0) lib/active_support/tagged_logging.rb:68:in `tagged'
  railties (4.2.0) lib/rails/rack/logger.rb:20:in `call'
  actionpack (4.2.0) lib/action_dispatch/middleware/request_id.rb:21:in `call'
  rack (1.6.0) lib/rack/methodoverride.rb:22:in `call'
  rack (1.6.0) lib/rack/runtime.rb:18:in `call'
  activesupport (4.2.0) lib/active_support/cache/strategy/local_cache_middleware.rb:28:in `call'
  rack (1.6.0) lib/rack/lock.rb:17:in `call'
  actionpack (4.2.0) lib/action_dispatch/middleware/static.rb:113:in `call'
  rack (1.6.0) lib/rack/sendfile.rb:113:in `call'
  railties (4.2.0) lib/rails/engine.rb:518:in `call'
  railties (4.2.0) lib/rails/application.rb:164:in `call'
  rack (1.6.0) lib/rack/lock.rb:17:in `call'
  rack (1.6.0) lib/rack/content_length.rb:15:in `call'
  rack (1.6.0) lib/rack/handler/webrick.rb:89:in `service'
  /Users/madoka/.rbenv/versions/2.1.5/lib/ruby/2.1.0/webrick/httpserver.rb:138:in `service'
  /Users/madoka/.rbenv/versions/2.1.5/lib/ruby/2.1.0/webrick/httpserver.rb:94:in `run'
  /Users/madoka/.rbenv/versions/2.1.5/lib/ruby/2.1.0/webrick/server.rb:295:in `block in start_thread'


  Rendered /Users/madoka/.rbenv/versions/2.1.5/lib/ruby/gems/2.1.0/gems/web-console-2.0.0/lib/action_dispatch/templates/rescues/_trace.html.erb (0.9ms)
  Rendered /Users/madoka/.rbenv/versions/2.1.5/lib/ruby/gems/2.1.0/gems/web-console-2.0.0/lib/action_dispatch/templates/routes/_route.html.erb (1.4ms)
  Rendered /Users/madoka/.rbenv/versions/2.1.5/lib/ruby/gems/2.1.0/gems/web-console-2.0.0/lib/action_dispatch/templates/routes/_table.html.erb (0.9ms)
  Rendered /Users/madoka/.rbenv/versions/2.1.5/lib/ruby/gems/2.1.0/gems/web-console-2.0.0/lib/action_dispatch/templates/rescues/_request_and_response.html.erb (0.8ms)
  Rendered /Users/madoka/.rbenv/versions/2.1.5/lib/ruby/gems/2.1.0/gems/web-console-2.0.0/lib/action_dispatch/templates/rescues/_web_console.html.erb (0.7ms)
  Rendered /Users/madoka/.rbenv/versions/2.1.5/lib/ruby/gems/2.1.0/gems/web-console-2.0.0/lib/action_dispatch/templates/rescues/routing_error.html.erb within rescues/layout (22.0ms)


Started GET "/" for ::1 at 2015-02-04 21:23:25 +0900
Processing by PagesController#index as HTML
  Rendered pages/index.html.erb within layouts/application (0.0ms)
Completed 200 OK in 104ms (Views: 102.8ms | ActiveRecord: 0.0ms)


Started GET "/assets/js/ie10-viewport-bug-workaround.js" for ::1 at 2015-02-04 21:23:25 +0900

ActionController::RoutingError (No route matches [GET] "/assets/js/ie10-viewport-bug-workaround.js"):
  web-console (2.0.0) lib/action_dispatch/debug_exceptions.rb:22:in `middleware_call'
  web-console (2.0.0) lib/action_dispatch/debug_exceptions.rb:13:in `call'
  actionpack (4.2.0) lib/action_dispatch/middleware/show_exceptions.rb:30:in `call'
  railties (4.2.0) lib/rails/rack/logger.rb:38:in `call_app'
  railties (4.2.0) lib/rails/rack/logger.rb:20:in `block in call'
  activesupport (4.2.0) lib/active_support/tagged_logging.rb:68:in `block in tagged'
  activesupport (4.2.0) lib/active_support/tagged_logging.rb:26:in `tagged'
  activesupport (4.2.0) lib/active_support/tagged_logging.rb:68:in `tagged'
  railties (4.2.0) lib/rails/rack/logger.rb:20:in `call'
  actionpack (4.2.0) lib/action_dispatch/middleware/request_id.rb:21:in `call'
  rack (1.6.0) lib/rack/methodoverride.rb:22:in `call'
  rack (1.6.0) lib/rack/runtime.rb:18:in `call'
  activesupport (4.2.0) lib/active_support/cache/strategy/local_cache_middleware.rb:28:in `call'
  rack (1.6.0) lib/rack/lock.rb:17:in `call'
  actionpack (4.2.0) lib/action_dispatch/middleware/static.rb:113:in `call'
  rack (1.6.0) lib/rack/sendfile.rb:113:in `call'
  railties (4.2.0) lib/rails/engine.rb:518:in `call'
  railties (4.2.0) lib/rails/application.rb:164:in `call'
  rack (1.6.0) lib/rack/lock.rb:17:in `call'
  rack (1.6.0) lib/rack/content_length.rb:15:in `call'
  rack (1.6.0) lib/rack/handler/webrick.rb:89:in `service'
  /Users/madoka/.rbenv/versions/2.1.5/lib/ruby/2.1.0/webrick/httpserver.rb:138:in `service'
  /Users/madoka/.rbenv/versions/2.1.5/lib/ruby/2.1.0/webrick/httpserver.rb:94:in `run'
  /Users/madoka/.rbenv/versions/2.1.5/lib/ruby/2.1.0/webrick/server.rb:295:in `block in start_thread'


  Rendered /Users/madoka/.rbenv/versions/2.1.5/lib/ruby/gems/2.1.0/gems/web-console-2.0.0/lib/action_dispatch/templates/rescues/_trace.html.erb (1.0ms)
  Rendered /Users/madoka/.rbenv/versions/2.1.5/lib/ruby/gems/2.1.0/gems/web-console-2.0.0/lib/action_dispatch/templates/routes/_route.html.erb (0.7ms)
  Rendered /Users/madoka/.rbenv/versions/2.1.5/lib/ruby/gems/2.1.0/gems/web-console-2.0.0/lib/action_dispatch/templates/routes/_table.html.erb (1.1ms)
  Rendered /Users/madoka/.rbenv/versions/2.1.5/lib/ruby/gems/2.1.0/gems/web-console-2.0.0/lib/action_dispatch/templates/rescues/_request_and_response.html.erb (1.2ms)
  Rendered /Users/madoka/.rbenv/versions/2.1.5/lib/ruby/gems/2.1.0/gems/web-console-2.0.0/lib/action_dispatch/templates/rescues/_web_console.html.erb (1.4ms)
  Rendered /Users/madoka/.rbenv/versions/2.1.5/lib/ruby/gems/2.1.0/gems/web-console-2.0.0/lib/action_dispatch/templates/rescues/routing_error.html.erb within rescues/layout (24.8ms)


Started GET "/sticky-footer.css" for ::1 at 2015-02-04 21:23:25 +0900

ActionController::RoutingError (No route matches [GET] "/sticky-footer.css"):
  web-console (2.0.0) lib/action_dispatch/debug_exceptions.rb:22:in `middleware_call'
  web-console (2.0.0) lib/action_dispatch/debug_exceptions.rb:13:in `call'
  actionpack (4.2.0) lib/action_dispatch/middleware/show_exceptions.rb:30:in `call'
  railties (4.2.0) lib/rails/rack/logger.rb:38:in `call_app'
  railties (4.2.0) lib/rails/rack/logger.rb:20:in `block in call'
  activesupport (4.2.0) lib/active_support/tagged_logging.rb:68:in `block in tagged'
  activesupport (4.2.0) lib/active_support/tagged_logging.rb:26:in `tagged'
  activesupport (4.2.0) lib/active_support/tagged_logging.rb:68:in `tagged'
  railties (4.2.0) lib/rails/rack/logger.rb:20:in `call'
  actionpack (4.2.0) lib/action_dispatch/middleware/request_id.rb:21:in `call'
  rack (1.6.0) lib/rack/methodoverride.rb:22:in `call'
  rack (1.6.0) lib/rack/runtime.rb:18:in `call'
  activesupport (4.2.0) lib/active_support/cache/strategy/local_cache_middleware.rb:28:in `call'
  rack (1.6.0) lib/rack/lock.rb:17:in `call'
  actionpack (4.2.0) lib/action_dispatch/middleware/static.rb:113:in `call'
  rack (1.6.0) lib/rack/sendfile.rb:113:in `call'
  railties (4.2.0) lib/rails/engine.rb:518:in `call'
  railties (4.2.0) lib/rails/application.rb:164:in `call'
  rack (1.6.0) lib/rack/lock.rb:17:in `call'
  rack (1.6.0) lib/rack/content_length.rb:15:in `call'
  rack (1.6.0) lib/rack/handler/webrick.rb:89:in `service'
  /Users/madoka/.rbenv/versions/2.1.5/lib/ruby/2.1.0/webrick/httpserver.rb:138:in `service'
  /Users/madoka/.rbenv/versions/2.1.5/lib/ruby/2.1.0/webrick/httpserver.rb:94:in `run'
  /Users/madoka/.rbenv/versions/2.1.5/lib/ruby/2.1.0/webrick/server.rb:295:in `block in start_thread'


  Rendered /Users/madoka/.rbenv/versions/2.1.5/lib/ruby/gems/2.1.0/gems/web-console-2.0.0/lib/action_dispatch/templates/rescues/_trace.html.erb (1.0ms)
  Rendered /Users/madoka/.rbenv/versions/2.1.5/lib/ruby/gems/2.1.0/gems/web-console-2.0.0/lib/action_dispatch/templates/routes/_route.html.erb (0.4ms)
  Rendered /Users/madoka/.rbenv/versions/2.1.5/lib/ruby/gems/2.1.0/gems/web-console-2.0.0/lib/action_dispatch/templates/routes/_table.html.erb (0.9ms)
  Rendered /Users/madoka/.rbenv/versions/2.1.5/lib/ruby/gems/2.1.0/gems/web-console-2.0.0/lib/action_dispatch/templates/rescues/_request_and_response.html.erb (0.9ms)
  Rendered /Users/madoka/.rbenv/versions/2.1.5/lib/ruby/gems/2.1.0/gems/web-console-2.0.0/lib/action_dispatch/templates/rescues/_web_console.html.erb (0.7ms)
  Rendered /Users/madoka/.rbenv/versions/2.1.5/lib/ruby/gems/2.1.0/gems/web-console-2.0.0/lib/action_dispatch/templates/rescues/routing_error.html.erb within rescues/layout (20.1ms)


Started GET "/dist/css/bootstrap.min.css" for ::1 at 2015-02-04 21:23:25 +0900

ActionController::RoutingError (No route matches [GET] "/dist/css/bootstrap.min.css"):
  web-console (2.0.0) lib/action_dispatch/debug_exceptions.rb:22:in `middleware_call'
  web-console (2.0.0) lib/action_dispatch/debug_exceptions.rb:13:in `call'
  actionpack (4.2.0) lib/action_dispatch/middleware/show_exceptions.rb:30:in `call'
  railties (4.2.0) lib/rails/rack/logger.rb:38:in `call_app'
  railties (4.2.0) lib/rails/rack/logger.rb:20:in `block in call'
  activesupport (4.2.0) lib/active_support/tagged_logging.rb:68:in `block in tagged'
  activesupport (4.2.0) lib/active_support/tagged_logging.rb:26:in `tagged'
  activesupport (4.2.0) lib/active_support/tagged_logging.rb:68:in `tagged'
  railties (4.2.0) lib/rails/rack/logger.rb:20:in `call'
  actionpack (4.2.0) lib/action_dispatch/middleware/request_id.rb:21:in `call'
  rack (1.6.0) lib/rack/methodoverride.rb:22:in `call'
  rack (1.6.0) lib/rack/runtime.rb:18:in `call'
  activesupport (4.2.0) lib/active_support/cache/strategy/local_cache_middleware.rb:28:in `call'
  rack (1.6.0) lib/rack/lock.rb:17:in `call'
  actionpack (4.2.0) lib/action_dispatch/middleware/static.rb:113:in `call'
  rack (1.6.0) lib/rack/sendfile.rb:113:in `call'
  railties (4.2.0) lib/rails/engine.rb:518:in `call'
  railties (4.2.0) lib/rails/application.rb:164:in `call'
  rack (1.6.0) lib/rack/lock.rb:17:in `call'
  rack (1.6.0) lib/rack/content_length.rb:15:in `call'
  rack (1.6.0) lib/rack/handler/webrick.rb:89:in `service'
  /Users/madoka/.rbenv/versions/2.1.5/lib/ruby/2.1.0/webrick/httpserver.rb:138:in `service'
  /Users/madoka/.rbenv/versions/2.1.5/lib/ruby/2.1.0/webrick/httpserver.rb:94:in `run'
  /Users/madoka/.rbenv/versions/2.1.5/lib/ruby/2.1.0/webrick/server.rb:295:in `block in start_thread'


  Rendered /Users/madoka/.rbenv/versions/2.1.5/lib/ruby/gems/2.1.0/gems/web-console-2.0.0/lib/action_dispatch/templates/rescues/_trace.html.erb (1.2ms)
  Rendered /Users/madoka/.rbenv/versions/2.1.5/lib/ruby/gems/2.1.0/gems/web-console-2.0.0/lib/action_dispatch/templates/routes/_route.html.erb (0.5ms)
  Rendered /Users/madoka/.rbenv/versions/2.1.5/lib/ruby/gems/2.1.0/gems/web-console-2.0.0/lib/action_dispatch/templates/routes/_table.html.erb (1.0ms)
  Rendered /Users/madoka/.rbenv/versions/2.1.5/lib/ruby/gems/2.1.0/gems/web-console-2.0.0/lib/action_dispatch/templates/rescues/_request_and_response.html.erb (0.9ms)
  Rendered /Users/madoka/.rbenv/versions/2.1.5/lib/ruby/gems/2.1.0/gems/web-console-2.0.0/lib/action_dispatch/templates/rescues/_web_console.html.erb (0.9ms)
  Rendered /Users/madoka/.rbenv/versions/2.1.5/lib/ruby/gems/2.1.0/gems/web-console-2.0.0/lib/action_dispatch/templates/rescues/routing_error.html.erb within rescues/layout (22.9ms)


Started GET "/assets/js/ie-emulation-modes-warning.js" for ::1 at 2015-02-04 21:23:25 +0900

ActionController::RoutingError (No route matches [GET] "/assets/js/ie-emulation-modes-warning.js"):
  web-console (2.0.0) lib/action_dispatch/debug_exceptions.rb:22:in `middleware_call'
  web-console (2.0.0) lib/action_dispatch/debug_exceptions.rb:13:in `call'
  actionpack (4.2.0) lib/action_dispatch/middleware/show_exceptions.rb:30:in `call'
  railties (4.2.0) lib/rails/rack/logger.rb:38:in `call_app'
  railties (4.2.0) lib/rails/rack/logger.rb:20:in `block in call'
  activesupport (4.2.0) lib/active_support/tagged_logging.rb:68:in `block in tagged'
  activesupport (4.2.0) lib/active_support/tagged_logging.rb:26:in `tagged'
  activesupport (4.2.0) lib/active_support/tagged_logging.rb:68:in `tagged'
  railties (4.2.0) lib/rails/rack/logger.rb:20:in `call'
  actionpack (4.2.0) lib/action_dispatch/middleware/request_id.rb:21:in `call'
  rack (1.6.0) lib/rack/methodoverride.rb:22:in `call'
  rack (1.6.0) lib/rack/runtime.rb:18:in `call'
  activesupport (4.2.0) lib/active_support/cache/strategy/local_cache_middleware.rb:28:in `call'
  rack (1.6.0) lib/rack/lock.rb:17:in `call'
  actionpack (4.2.0) lib/action_dispatch/middleware/static.rb:113:in `call'
  rack (1.6.0) lib/rack/sendfile.rb:113:in `call'
  railties (4.2.0) lib/rails/engine.rb:518:in `call'
  railties (4.2.0) lib/rails/application.rb:164:in `call'
  rack (1.6.0) lib/rack/lock.rb:17:in `call'
  rack (1.6.0) lib/rack/content_length.rb:15:in `call'
  rack (1.6.0) lib/rack/handler/webrick.rb:89:in `service'
  /Users/madoka/.rbenv/versions/2.1.5/lib/ruby/2.1.0/webrick/httpserver.rb:138:in `service'
  /Users/madoka/.rbenv/versions/2.1.5/lib/ruby/2.1.0/webrick/httpserver.rb:94:in `run'
  /Users/madoka/.rbenv/versions/2.1.5/lib/ruby/2.1.0/webrick/server.rb:295:in `block in start_thread'


  Rendered /Users/madoka/.rbenv/versions/2.1.5/lib/ruby/gems/2.1.0/gems/web-console-2.0.0/lib/action_dispatch/templates/rescues/_trace.html.erb (2.2ms)
  Rendered /Users/madoka/.rbenv/versions/2.1.5/lib/ruby/gems/2.1.0/gems/web-console-2.0.0/lib/action_dispatch/templates/routes/_route.html.erb (0.6ms)
  Rendered /Users/madoka/.rbenv/versions/2.1.5/lib/ruby/gems/2.1.0/gems/web-console-2.0.0/lib/action_dispatch/templates/routes/_table.html.erb (1.2ms)
  Rendered /Users/madoka/.rbenv/versions/2.1.5/lib/ruby/gems/2.1.0/gems/web-console-2.0.0/lib/action_dispatch/templates/rescues/_request_and_response.html.erb (1.3ms)
  Rendered /Users/madoka/.rbenv/versions/2.1.5/lib/ruby/gems/2.1.0/gems/web-console-2.0.0/lib/action_dispatch/templates/rescues/_web_console.html.erb (1.2ms)
  Rendered /Users/madoka/.rbenv/versions/2.1.5/lib/ruby/gems/2.1.0/gems/web-console-2.0.0/lib/action_dispatch/templates/rescues/routing_error.html.erb within rescues/layout (29.5ms)


Started GET "/" for ::1 at 2015-02-04 21:28:22 +0900
Processing by PagesController#index as HTML
  Rendered pages/index.html.erb within layouts/application (0.3ms)
Completed 200 OK in 166ms (Views: 166.0ms | ActiveRecord: 0.0ms)


Started GET "/" for ::1 at 2015-02-04 21:28:24 +0900
Processing by PagesController#index as HTML
  Rendered pages/index.html.erb within layouts/application (0.0ms)
Completed 200 OK in 131ms (Views: 130.2ms | ActiveRecord: 0.0ms)


Started GET "/assets/application-7414ce0f8de34c6013ad991295677433.css?body=1" for ::1 at 2015-02-04 21:28:25 +0900


Started GET "/assets/bootstrap/affix-31984abe1036c1c2f684af192191ce9f.js?body=1" for ::1 at 2015-02-04 21:28:25 +0900


Started GET "/assets/bootstrap/button-98bba85be4dcdd597554e0b7ce8e33a2.js?body=1" for ::1 at 2015-02-04 21:28:25 +0900


Started GET "/assets/jquery-87424c3c19e96d4fb033c10ebe21ec40.js?body=1" for ::1 at 2015-02-04 21:28:25 +0900


Started GET "/assets/bootstrap/dropdown-65c3929585250221f53bae696936ed44.js?body=1" for ::1 at 2015-02-04 21:28:25 +0900


Started GET "/assets/bootstrap/alert-7c03e11fecf6b3ef100f76ae4f08586e.js?body=1" for ::1 at 2015-02-04 21:28:25 +0900


Started GET "/assets/bootstrap/carousel-93f34f850a932957c93b7605c79faf45.js?body=1" for ::1 at 2015-02-04 21:28:25 +0900


Started GET "/assets/bootstrap/collapse-7a82a3d4fb154ded3d2702465e21ca00.js?body=1" for ::1 at 2015-02-04 21:28:25 +0900


Started GET "/assets/bootstrap/transition-9e4de96204f41141474e9dbb59570af9.js?body=1" for ::1 at 2015-02-04 21:28:25 +0900


Started GET "/assets/bootstrap/tab-a90a1841af8c1eae12bfa5283a8093b0.js?body=1" for ::1 at 2015-02-04 21:28:25 +0900


Started GET "/assets/bootstrap/scrollspy-e550695030be1d627d1ba91b14792316.js?body=1" for ::1 at 2015-02-04 21:28:25 +0900


Started GET "/assets/bootstrap/modal-ce380b9327d2cf6c826d8df818ea48a1.js?body=1" for ::1 at 2015-02-04 21:28:25 +0900


Started GET "/assets/bootstrap/tooltip-4d90d4ee015d2df34a7696864b2ea83c.js?body=1" for ::1 at 2015-02-04 21:28:25 +0900


Started GET "/assets/bootstrap/popover-5a060f876311e7fcb18f35058070de5a.js?body=1" for ::1 at 2015-02-04 21:28:25 +0900


Started GET "/assets/bootstrap-sprockets-00b1738c651720f44abc4bbf70bedb3e.js?body=1" for ::1 at 2015-02-04 21:28:25 +0900


Started GET "/assets/application-78fcccba0b55a20c04b71be8b7b49f35.js?body=1" for ::1 at 2015-02-04 21:28:25 +0900


Started GET "/assets/jquery_ujs-e27bd20a10d28155845a22d71ef94f2f.js?body=1" for ::1 at 2015-02-04 21:28:25 +0900


Started GET "/assets/turbolinks-da8ddad9c2c5483d4c5c30c1ce325253.js?body=1" for ::1 at 2015-02-04 21:28:25 +0900


Started GET "/assets/pages-fcec5b5a277ac7c20cc9f45a209a3bcd.js?body=1" for ::1 at 2015-02-04 21:28:25 +0900


Started GET "/" for ::1 at 2015-02-04 21:28:28 +0900
Processing by PagesController#index as HTML
  Rendered pages/index.html.erb within layouts/application (0.0ms)
Completed 200 OK in 117ms (Views: 116.3ms | ActiveRecord: 0.0ms)


Started GET "/assets/bootstrap/alert-7c03e11fecf6b3ef100f76ae4f08586e.js?body=1" for ::1 at 2015-02-04 21:28:28 +0900


Started GET "/assets/bootstrap/button-98bba85be4dcdd597554e0b7ce8e33a2.js?body=1" for ::1 at 2015-02-04 21:28:28 +0900


Started GET "/assets/bootstrap/carousel-93f34f850a932957c93b7605c79faf45.js?body=1" for ::1 at 2015-02-04 21:28:28 +0900


Started GET "/assets/application-7414ce0f8de34c6013ad991295677433.css?body=1" for ::1 at 2015-02-04 21:28:28 +0900


Started GET "/assets/jquery-87424c3c19e96d4fb033c10ebe21ec40.js?body=1" for ::1 at 2015-02-04 21:28:28 +0900


Started GET "/assets/bootstrap/affix-31984abe1036c1c2f684af192191ce9f.js?body=1" for ::1 at 2015-02-04 21:28:28 +0900


Started GET "/assets/bootstrap/collapse-7a82a3d4fb154ded3d2702465e21ca00.js?body=1" for ::1 at 2015-02-04 21:28:28 +0900


Started GET "/assets/bootstrap/dropdown-65c3929585250221f53bae696936ed44.js?body=1" for ::1 at 2015-02-04 21:28:28 +0900


Started GET "/assets/bootstrap/tab-a90a1841af8c1eae12bfa5283a8093b0.js?body=1" for ::1 at 2015-02-04 21:28:28 +0900


Started GET "/assets/bootstrap/transition-9e4de96204f41141474e9dbb59570af9.js?body=1" for ::1 at 2015-02-04 21:28:28 +0900


Started GET "/assets/bootstrap/scrollspy-e550695030be1d627d1ba91b14792316.js?body=1" for ::1 at 2015-02-04 21:28:28 +0900


Started GET "/assets/bootstrap/modal-ce380b9327d2cf6c826d8df818ea48a1.js?body=1" for ::1 at 2015-02-04 21:28:28 +0900


Started GET "/assets/bootstrap/tooltip-4d90d4ee015d2df34a7696864b2ea83c.js?body=1" for ::1 at 2015-02-04 21:28:28 +0900


Started GET "/assets/bootstrap/popover-5a060f876311e7fcb18f35058070de5a.js?body=1" for ::1 at 2015-02-04 21:28:28 +0900


Started GET "/assets/bootstrap-sprockets-00b1738c651720f44abc4bbf70bedb3e.js?body=1" for ::1 at 2015-02-04 21:28:28 +0900


Started GET "/assets/jquery_ujs-e27bd20a10d28155845a22d71ef94f2f.js?body=1" for ::1 at 2015-02-04 21:28:28 +0900


Started GET "/assets/turbolinks-da8ddad9c2c5483d4c5c30c1ce325253.js?body=1" for ::1 at 2015-02-04 21:28:28 +0900


Started GET "/assets/pages-fcec5b5a277ac7c20cc9f45a209a3bcd.js?body=1" for ::1 at 2015-02-04 21:28:28 +0900


Started GET "/assets/application-78fcccba0b55a20c04b71be8b7b49f35.js?body=1" for ::1 at 2015-02-04 21:28:28 +0900


Started GET "/" for ::1 at 2015-02-04 21:28:30 +0900
Processing by PagesController#index as HTML
  Rendered pages/index.html.erb within layouts/application (0.1ms)
Completed 200 OK in 110ms (Views: 109.7ms | ActiveRecord: 0.0ms)


Started GET "/assets/application-7414ce0f8de34c6013ad991295677433.css?body=1" for ::1 at 2015-02-04 21:28:30 +0900


Started GET "/assets/bootstrap/affix-31984abe1036c1c2f684af192191ce9f.js?body=1" for ::1 at 2015-02-04 21:28:30 +0900


Started GET "/assets/bootstrap/alert-7c03e11fecf6b3ef100f76ae4f08586e.js?body=1" for ::1 at 2015-02-04 21:28:30 +0900


Started GET "/assets/bootstrap/button-98bba85be4dcdd597554e0b7ce8e33a2.js?body=1" for ::1 at 2015-02-04 21:28:30 +0900


Started GET "/assets/bootstrap/carousel-93f34f850a932957c93b7605c79faf45.js?body=1" for ::1 at 2015-02-04 21:28:30 +0900


Started GET "/assets/jquery-87424c3c19e96d4fb033c10ebe21ec40.js?body=1" for ::1 at 2015-02-04 21:28:30 +0900


Started GET "/assets/bootstrap/collapse-7a82a3d4fb154ded3d2702465e21ca00.js?body=1" for ::1 at 2015-02-04 21:28:30 +0900


Started GET "/assets/bootstrap/dropdown-65c3929585250221f53bae696936ed44.js?body=1" for ::1 at 2015-02-04 21:28:30 +0900


Started GET "/assets/bootstrap/tab-a90a1841af8c1eae12bfa5283a8093b0.js?body=1" for ::1 at 2015-02-04 21:28:30 +0900


Started GET "/assets/bootstrap/transition-9e4de96204f41141474e9dbb59570af9.js?body=1" for ::1 at 2015-02-04 21:28:30 +0900


Started GET "/assets/bootstrap/scrollspy-e550695030be1d627d1ba91b14792316.js?body=1" for ::1 at 2015-02-04 21:28:30 +0900


Started GET "/assets/bootstrap/modal-ce380b9327d2cf6c826d8df818ea48a1.js?body=1" for ::1 at 2015-02-04 21:28:30 +0900


Started GET "/assets/bootstrap/tooltip-4d90d4ee015d2df34a7696864b2ea83c.js?body=1" for ::1 at 2015-02-04 21:28:30 +0900


Started GET "/assets/bootstrap/popover-5a060f876311e7fcb18f35058070de5a.js?body=1" for ::1 at 2015-02-04 21:28:30 +0900


Started GET "/assets/bootstrap-sprockets-00b1738c651720f44abc4bbf70bedb3e.js?body=1" for ::1 at 2015-02-04 21:28:30 +0900


Started GET "/assets/jquery_ujs-e27bd20a10d28155845a22d71ef94f2f.js?body=1" for ::1 at 2015-02-04 21:28:30 +0900


Started GET "/assets/pages-fcec5b5a277ac7c20cc9f45a209a3bcd.js?body=1" for ::1 at 2015-02-04 21:28:30 +0900


Started GET "/assets/turbolinks-da8ddad9c2c5483d4c5c30c1ce325253.js?body=1" for ::1 at 2015-02-04 21:28:30 +0900


Started GET "/assets/application-78fcccba0b55a20c04b71be8b7b49f35.js?body=1" for ::1 at 2015-02-04 21:28:30 +0900


Started GET "/" for ::1 at 2015-02-04 21:28:50 +0900
Processing by PagesController#index as HTML
  Rendered pages/index.html.erb within layouts/application (0.0ms)
Completed 200 OK in 124ms (Views: 123.5ms | ActiveRecord: 0.0ms)


Started GET "/assets/application-7414ce0f8de34c6013ad991295677433.css?body=1" for ::1 at 2015-02-04 21:28:50 +0900


Started GET "/assets/bootstrap/alert-7c03e11fecf6b3ef100f76ae4f08586e.js?body=1" for ::1 at 2015-02-04 21:28:50 +0900


Started GET "/assets/bootstrap/carousel-93f34f850a932957c93b7605c79faf45.js?body=1" for ::1 at 2015-02-04 21:28:50 +0900


Started GET "/assets/bootstrap/button-98bba85be4dcdd597554e0b7ce8e33a2.js?body=1" for ::1 at 2015-02-04 21:28:50 +0900


Started GET "/assets/bootstrap/affix-31984abe1036c1c2f684af192191ce9f.js?body=1" for ::1 at 2015-02-04 21:28:50 +0900


Started GET "/assets/jquery-87424c3c19e96d4fb033c10ebe21ec40.js?body=1" for ::1 at 2015-02-04 21:28:50 +0900


Started GET "/assets/bootstrap/dropdown-65c3929585250221f53bae696936ed44.js?body=1" for ::1 at 2015-02-04 21:28:50 +0900


Started GET "/assets/bootstrap/tab-a90a1841af8c1eae12bfa5283a8093b0.js?body=1" for ::1 at 2015-02-04 21:28:50 +0900


Started GET "/assets/bootstrap/transition-9e4de96204f41141474e9dbb59570af9.js?body=1" for ::1 at 2015-02-04 21:28:50 +0900


Started GET "/assets/bootstrap/collapse-7a82a3d4fb154ded3d2702465e21ca00.js?body=1" for ::1 at 2015-02-04 21:28:50 +0900


Started GET "/assets/bootstrap/scrollspy-e550695030be1d627d1ba91b14792316.js?body=1" for ::1 at 2015-02-04 21:28:50 +0900


Started GET "/assets/bootstrap/modal-ce380b9327d2cf6c826d8df818ea48a1.js?body=1" for ::1 at 2015-02-04 21:28:50 +0900


Started GET "/assets/bootstrap/tooltip-4d90d4ee015d2df34a7696864b2ea83c.js?body=1" for ::1 at 2015-02-04 21:28:50 +0900


Started GET "/assets/bootstrap/popover-5a060f876311e7fcb18f35058070de5a.js?body=1" for ::1 at 2015-02-04 21:28:50 +0900


Started GET "/assets/bootstrap-sprockets-00b1738c651720f44abc4bbf70bedb3e.js?body=1" for ::1 at 2015-02-04 21:28:50 +0900


Started GET "/assets/jquery_ujs-e27bd20a10d28155845a22d71ef94f2f.js?body=1" for ::1 at 2015-02-04 21:28:50 +0900


Started GET "/assets/turbolinks-da8ddad9c2c5483d4c5c30c1ce325253.js?body=1" for ::1 at 2015-02-04 21:28:50 +0900


Started GET "/assets/pages-fcec5b5a277ac7c20cc9f45a209a3bcd.js?body=1" for ::1 at 2015-02-04 21:28:50 +0900


Started GET "/assets/application-78fcccba0b55a20c04b71be8b7b49f35.js?body=1" for ::1 at 2015-02-04 21:28:50 +0900


Started GET "/" for ::1 at 2015-02-04 21:30:10 +0900
Processing by PagesController#index as HTML
  Rendered pages/index.html.erb within layouts/application (0.3ms)
Completed 200 OK in 134ms (Views: 134.1ms | ActiveRecord: 0.0ms)


Started GET "/" for ::1 at 2015-02-04 21:31:39 +0900
Processing by PagesController#index as HTML
  Rendered pages/index.html.erb within layouts/application (0.2ms)
Completed 200 OK in 117ms (Views: 117.1ms | ActiveRecord: 0.0ms)


Started GET "/" for ::1 at 2015-02-11 13:38:15 +0900
Processing by PagesController#index as HTML
  Rendered pages/index.html.erb within layouts/application (1.4ms)
Completed 500 Internal Server Error in 669ms

ActionView::Template::Error (File to import not found or unreadable: app/assets/stylesheets/animate.scss.
Load paths:
  /Users/madoka/Documents/site/coffee-test/app/assets/images
  /Users/madoka/Documents/site/coffee-test/app/assets/javascripts
  /Users/madoka/Documents/site/coffee-test/app/assets/stylesheets
  /Users/madoka/Documents/site/coffee-test/vendor/assets/javascripts
  /Users/madoka/Documents/site/coffee-test/vendor/assets/stylesheets
  /Users/madoka/.rbenv/versions/2.1.5/lib/ruby/gems/2.1.0/gems/web-console-2.0.0/lib/assets/javascripts
  /Users/madoka/.rbenv/versions/2.1.5/lib/ruby/gems/2.1.0/gems/turbolinks-2.5.3/lib/assets/javascripts
  /Users/madoka/.rbenv/versions/2.1.5/lib/ruby/gems/2.1.0/gems/jquery-rails-4.0.3/vendor/assets/javascripts
  /Users/madoka/.rbenv/versions/2.1.5/lib/ruby/gems/2.1.0/gems/coffee-rails-4.1.0/lib/assets/javascripts
  /Users/madoka/.rbenv/versions/2.1.5/lib/ruby/gems/2.1.0/gems/bootstrap-sass-3.3.3/assets/stylesheets
  /Users/madoka/.rbenv/versions/2.1.5/lib/ruby/gems/2.1.0/gems/bootstrap-sass-3.3.3/assets/javascripts
  /Users/madoka/.rbenv/versions/2.1.5/lib/ruby/gems/2.1.0/gems/bootstrap-sass-3.3.3/assets/fonts
  /Users/madoka/.rbenv/versions/2.1.5/lib/ruby/gems/2.1.0/gems/bootstrap-sass-3.3.3/assets/images
  /Users/madoka/.rbenv/versions/2.1.5/lib/ruby/gems/2.1.0/gems/bootstrap-sass-3.3.3/assets/stylesheets
  (in /Users/madoka/Documents/site/coffee-test/app/assets/stylesheets/application.scss:3)):
    10: 
    11: 	<title>coffee cups</title>
    12: 
    13: 	<%= stylesheet_link_tag    'application', media: 'all', 'data-turbolinks-track' => true %>
    14: 	<%= javascript_include_tag 'application', 'data-turbolinks-track' => true %>
    15: 	<%= csrf_meta_tags %>
    16: </head>
  app/assets/stylesheets/application.scss:3
  app/views/layouts/application.html.erb:13:in `_app_views_layouts_application_html_erb__2180328661509316278_70118647392100'


  Rendered /Users/madoka/.rbenv/versions/2.1.5/lib/ruby/gems/2.1.0/gems/web-console-2.0.0/lib/action_dispatch/templates/rescues/_source.erb (8.5ms)
  Rendered /Users/madoka/.rbenv/versions/2.1.5/lib/ruby/gems/2.1.0/gems/web-console-2.0.0/lib/action_dispatch/templates/rescues/_trace.html.erb (2.9ms)
  Rendered /Users/madoka/.rbenv/versions/2.1.5/lib/ruby/gems/2.1.0/gems/web-console-2.0.0/lib/action_dispatch/templates/rescues/_request_and_response.html.erb (0.8ms)
  Rendered /Users/madoka/.rbenv/versions/2.1.5/lib/ruby/gems/2.1.0/gems/web-console-2.0.0/lib/action_dispatch/templates/rescues/_web_console.html.erb (1.5ms)
  Rendered /Users/madoka/.rbenv/versions/2.1.5/lib/ruby/gems/2.1.0/gems/web-console-2.0.0/lib/action_dispatch/templates/rescues/template_error.html.erb within rescues/layout (36.3ms)


Started GET "/" for ::1 at 2015-02-11 13:38:33 +0900
Processing by PagesController#index as HTML
  Rendered pages/index.html.erb within layouts/application (0.0ms)
Completed 200 OK in 224ms (Views: 223.1ms | ActiveRecord: 0.0ms)


Started GET "/" for ::1 at 2015-02-11 13:41:01 +0900
Processing by PagesController#index as HTML
  Rendered pages/index.html.erb within layouts/application (0.0ms)
Completed 200 OK in 180ms (Views: 179.4ms | ActiveRecord: 0.0ms)


Started GET "/" for ::1 at 2015-02-11 13:41:04 +0900
Processing by PagesController#index as HTML
  Rendered pages/index.html.erb within layouts/application (0.0ms)
Completed 200 OK in 89ms (Views: 87.7ms | ActiveRecord: 0.0ms)


Started GET "/" for ::1 at 2015-02-11 13:42:08 +0900
Processing by PagesController#index as HTML
  Rendered pages/index.html.erb within layouts/application (0.0ms)
Completed 200 OK in 127ms (Views: 126.5ms | ActiveRecord: 0.0ms)


Started GET "/" for ::1 at 2015-02-11 13:43:12 +0900
Processing by PagesController#index as HTML
  Rendered pages/index.html.erb within layouts/application (0.0ms)
Completed 200 OK in 99ms (Views: 99.0ms | ActiveRecord: 0.0ms)


Started GET "/" for ::1 at 2015-02-11 13:43:57 +0900
Processing by PagesController#index as HTML
  Rendered pages/index.html.erb within layouts/application (0.0ms)
Completed 200 OK in 114ms (Views: 113.5ms | ActiveRecord: 0.0ms)


Started GET "/" for ::1 at 2015-02-11 13:47:01 +0900
Processing by PagesController#index as HTML
  Rendered pages/index.html.erb within layouts/application (0.0ms)
Completed 200 OK in 98ms (Views: 98.0ms | ActiveRecord: 0.0ms)


Started GET "/" for ::1 at 2015-02-11 13:49:06 +0900
Processing by PagesController#index as HTML
  Rendered pages/index.html.erb within layouts/application (0.0ms)
Completed 200 OK in 126ms (Views: 125.2ms | ActiveRecord: 0.0ms)


Started GET "/" for ::1 at 2015-02-11 13:51:04 +0900
Processing by PagesController#index as HTML
  Rendered pages/index.html.erb within layouts/application (0.0ms)
Completed 200 OK in 128ms (Views: 127.0ms | ActiveRecord: 0.0ms)


Started GET "/" for ::1 at 2015-02-11 13:52:12 +0900
Processing by PagesController#index as HTML
  Rendered pages/index.html.erb within layouts/application (0.8ms)
Completed 200 OK in 248ms (Views: 240.8ms | ActiveRecord: 0.0ms)


Started GET "/" for ::1 at 2015-02-11 13:53:57 +0900
Processing by PagesController#index as HTML
  Rendered pages/index.html.erb within layouts/application (0.0ms)
Completed 200 OK in 94ms (Views: 94.0ms | ActiveRecord: 0.0ms)


Started GET "/" for ::1 at 2015-02-11 13:54:50 +0900
Processing by PagesController#index as HTML
  Rendered pages/index.html.erb within layouts/application (0.0ms)
Completed 200 OK in 149ms (Views: 148.8ms | ActiveRecord: 0.0ms)


Started GET "/assets/application-7414ce0f8de34c6013ad991295677433.css?body=1" for ::1 at 2015-02-11 13:54:50 +0900


Started GET "/assets/jquery-87424c3c19e96d4fb033c10ebe21ec40.js?body=1" for ::1 at 2015-02-11 13:54:51 +0900


Started GET "/assets/bootstrap/button-98bba85be4dcdd597554e0b7ce8e33a2.js?body=1" for ::1 at 2015-02-11 13:54:51 +0900


Started GET "/assets/bootstrap/affix-31984abe1036c1c2f684af192191ce9f.js?body=1" for ::1 at 2015-02-11 13:54:51 +0900


Started GET "/assets/bootstrap/alert-7c03e11fecf6b3ef100f76ae4f08586e.js?body=1" for ::1 at 2015-02-11 13:54:51 +0900


Started GET "/assets/bootstrap/carousel-93f34f850a932957c93b7605c79faf45.js?body=1" for ::1 at 2015-02-11 13:54:51 +0900


Started GET "/assets/bootstrap/collapse-7a82a3d4fb154ded3d2702465e21ca00.js?body=1" for ::1 at 2015-02-11 13:54:51 +0900


Started GET "/assets/bootstrap/dropdown-65c3929585250221f53bae696936ed44.js?body=1" for ::1 at 2015-02-11 13:54:51 +0900


Started GET "/assets/bootstrap/tab-a90a1841af8c1eae12bfa5283a8093b0.js?body=1" for ::1 at 2015-02-11 13:54:51 +0900


Started GET "/assets/bootstrap/transition-9e4de96204f41141474e9dbb59570af9.js?body=1" for ::1 at 2015-02-11 13:54:51 +0900


Started GET "/assets/bootstrap/scrollspy-e550695030be1d627d1ba91b14792316.js?body=1" for ::1 at 2015-02-11 13:54:51 +0900


Started GET "/assets/bootstrap/modal-ce380b9327d2cf6c826d8df818ea48a1.js?body=1" for ::1 at 2015-02-11 13:54:51 +0900


Started GET "/assets/bootstrap/tooltip-4d90d4ee015d2df34a7696864b2ea83c.js?body=1" for ::1 at 2015-02-11 13:54:51 +0900


Started GET "/assets/bootstrap/popover-5a060f876311e7fcb18f35058070de5a.js?body=1" for ::1 at 2015-02-11 13:54:51 +0900


Started GET "/assets/bootstrap-sprockets-00b1738c651720f44abc4bbf70bedb3e.js?body=1" for ::1 at 2015-02-11 13:54:51 +0900


Started GET "/assets/jquery_ujs-e27bd20a10d28155845a22d71ef94f2f.js?body=1" for ::1 at 2015-02-11 13:54:51 +0900


Started GET "/assets/turbolinks-da8ddad9c2c5483d4c5c30c1ce325253.js?body=1" for ::1 at 2015-02-11 13:54:51 +0900


Started GET "/assets/pages-fcec5b5a277ac7c20cc9f45a209a3bcd.js?body=1" for ::1 at 2015-02-11 13:54:51 +0900


Started GET "/assets/application-78fcccba0b55a20c04b71be8b7b49f35.js?body=1" for ::1 at 2015-02-11 13:54:51 +0900


Started GET "/" for ::1 at 2015-02-11 13:56:45 +0900
Processing by PagesController#index as HTML
  Rendered pages/index.html.erb within layouts/application (0.0ms)
Completed 500 Internal Server Error in 89ms

ActionView::Template::Error (Asset filtered out and will not be served: add `Rails.application.config.assets.precompile += %w( pages.css )` to `config/initializers/assets.rb` and restart your server):
    11: 	<title>coffee cups</title>
    12: 
    13: 	<%= stylesheet_link_tag    'application', media: 'all', 'data-turbolinks-track' => true %>
    14: 	<%= stylesheet_link_tag    'pages', media: 'all', 'data-turbolinks-track' => true %>
    15: 	<%= javascript_include_tag 'application', 'data-turbolinks-track' => true %>
    16: 	<%= csrf_meta_tags %>
    17: </head>
  app/views/layouts/application.html.erb:14:in `_app_views_layouts_application_html_erb__2855767549505608411_70191060235600'


  Rendered /Users/madoka/.rbenv/versions/2.1.5/lib/ruby/gems/2.1.0/gems/web-console-2.0.0/lib/action_dispatch/templates/rescues/_source.erb (10.6ms)
  Rendered /Users/madoka/.rbenv/versions/2.1.5/lib/ruby/gems/2.1.0/gems/web-console-2.0.0/lib/action_dispatch/templates/rescues/_trace.html.erb (2.0ms)
  Rendered /Users/madoka/.rbenv/versions/2.1.5/lib/ruby/gems/2.1.0/gems/web-console-2.0.0/lib/action_dispatch/templates/rescues/_request_and_response.html.erb (0.6ms)
  Rendered /Users/madoka/.rbenv/versions/2.1.5/lib/ruby/gems/2.1.0/gems/web-console-2.0.0/lib/action_dispatch/templates/rescues/_web_console.html.erb (0.7ms)
  Rendered /Users/madoka/.rbenv/versions/2.1.5/lib/ruby/gems/2.1.0/gems/web-console-2.0.0/lib/action_dispatch/templates/rescues/template_error.html.erb within rescues/layout (26.4ms)


Started GET "/" for ::1 at 2015-02-11 14:00:56 +0900
Processing by PagesController#index as HTML
  Rendered pages/index.html.erb within layouts/application (0.0ms)
Completed 200 OK in 101ms (Views: 100.1ms | ActiveRecord: 0.0ms)


Started GET "/assets/application-6c3c3be912f240f19c2d8bf512ddd526.css?body=1" for ::1 at 2015-02-11 14:00:56 +0900


Started GET "/assets/jquery-87424c3c19e96d4fb033c10ebe21ec40.js?body=1" for ::1 at 2015-02-11 14:00:56 +0900


Started GET "/assets/bootstrap/alert-7c03e11fecf6b3ef100f76ae4f08586e.js?body=1" for ::1 at 2015-02-11 14:00:56 +0900


Started GET "/assets/bootstrap/carousel-93f34f850a932957c93b7605c79faf45.js?body=1" for ::1 at 2015-02-11 14:00:56 +0900


Started GET "/assets/bootstrap/affix-31984abe1036c1c2f684af192191ce9f.js?body=1" for ::1 at 2015-02-11 14:00:56 +0900


Started GET "/assets/bootstrap/button-98bba85be4dcdd597554e0b7ce8e33a2.js?body=1" for ::1 at 2015-02-11 14:00:56 +0900


Started GET "/assets/bootstrap/dropdown-65c3929585250221f53bae696936ed44.js?body=1" for ::1 at 2015-02-11 14:00:56 +0900


Started GET "/assets/bootstrap/collapse-7a82a3d4fb154ded3d2702465e21ca00.js?body=1" for ::1 at 2015-02-11 14:00:56 +0900


Started GET "/assets/bootstrap-sprockets" for ::1 at 2015-02-11 14:00:56 +0900


Started GET "/assets/bootstrap/tab-a90a1841af8c1eae12bfa5283a8093b0.js?body=1" for ::1 at 2015-02-11 14:00:56 +0900


Started GET "/assets/bootstrap" for ::1 at 2015-02-11 14:00:56 +0900


Started GET "/assets/bootstrap/transition-9e4de96204f41141474e9dbb59570af9.js?body=1" for ::1 at 2015-02-11 14:00:56 +0900


Started GET "/assets/bootstrap/scrollspy-e550695030be1d627d1ba91b14792316.js?body=1" for ::1 at 2015-02-11 14:00:56 +0900


Started GET "/assets/bootstrap/modal-ce380b9327d2cf6c826d8df818ea48a1.js?body=1" for ::1 at 2015-02-11 14:00:56 +0900


Started GET "/assets/bootstrap/tooltip-4d90d4ee015d2df34a7696864b2ea83c.js?body=1" for ::1 at 2015-02-11 14:00:56 +0900


Started GET "/assets/bootstrap/popover-5a060f876311e7fcb18f35058070de5a.js?body=1" for ::1 at 2015-02-11 14:00:56 +0900


Started GET "/assets/jquery_ujs-e27bd20a10d28155845a22d71ef94f2f.js?body=1" for ::1 at 2015-02-11 14:00:56 +0900


Started GET "/assets/bootstrap-sprockets-00b1738c651720f44abc4bbf70bedb3e.js?body=1" for ::1 at 2015-02-11 14:00:56 +0900


Started GET "/assets/turbolinks-da8ddad9c2c5483d4c5c30c1ce325253.js?body=1" for ::1 at 2015-02-11 14:00:56 +0900


Started GET "/assets/pages-fcec5b5a277ac7c20cc9f45a209a3bcd.js?body=1" for ::1 at 2015-02-11 14:00:56 +0900


Started GET "/assets/application-78fcccba0b55a20c04b71be8b7b49f35.js?body=1" for ::1 at 2015-02-11 14:00:56 +0900


Started GET "/" for ::1 at 2015-02-11 14:01:34 +0900
Processing by PagesController#index as HTML
  Rendered pages/index.html.erb within layouts/application (0.0ms)
Completed 200 OK in 119ms (Views: 118.5ms | ActiveRecord: 0.0ms)


Started GET "/assets/application-7414ce0f8de34c6013ad991295677433.css?body=1" for ::1 at 2015-02-11 14:01:34 +0900


Started GET "/assets/jquery-87424c3c19e96d4fb033c10ebe21ec40.js?body=1" for ::1 at 2015-02-11 14:01:34 +0900


Started GET "/assets/bootstrap/carousel-93f34f850a932957c93b7605c79faf45.js?body=1" for ::1 at 2015-02-11 14:01:34 +0900


Started GET "/assets/bootstrap/alert-7c03e11fecf6b3ef100f76ae4f08586e.js?body=1" for ::1 at 2015-02-11 14:01:34 +0900


Started GET "/assets/bootstrap/button-98bba85be4dcdd597554e0b7ce8e33a2.js?body=1" for ::1 at 2015-02-11 14:01:34 +0900


Started GET "/assets/bootstrap/affix-31984abe1036c1c2f684af192191ce9f.js?body=1" for ::1 at 2015-02-11 14:01:34 +0900


Started GET "/assets/bootstrap/collapse-7a82a3d4fb154ded3d2702465e21ca00.js?body=1" for ::1 at 2015-02-11 14:01:34 +0900


Started GET "/assets/bootstrap/dropdown-65c3929585250221f53bae696936ed44.js?body=1" for ::1 at 2015-02-11 14:01:34 +0900


Started GET "/assets/bootstrap/transition-9e4de96204f41141474e9dbb59570af9.js?body=1" for ::1 at 2015-02-11 14:01:34 +0900


Started GET "/assets/bootstrap/tab-a90a1841af8c1eae12bfa5283a8093b0.js?body=1" for ::1 at 2015-02-11 14:01:34 +0900


Started GET "/assets/bootstrap/scrollspy-e550695030be1d627d1ba91b14792316.js?body=1" for ::1 at 2015-02-11 14:01:34 +0900


Started GET "/assets/bootstrap/tooltip-4d90d4ee015d2df34a7696864b2ea83c.js?body=1" for ::1 at 2015-02-11 14:01:34 +0900


Started GET "/assets/bootstrap/modal-ce380b9327d2cf6c826d8df818ea48a1.js?body=1" for ::1 at 2015-02-11 14:01:34 +0900


Started GET "/assets/bootstrap/popover-5a060f876311e7fcb18f35058070de5a.js?body=1" for ::1 at 2015-02-11 14:01:34 +0900


Started GET "/assets/bootstrap-sprockets-00b1738c651720f44abc4bbf70bedb3e.js?body=1" for ::1 at 2015-02-11 14:01:34 +0900


Started GET "/assets/jquery_ujs-e27bd20a10d28155845a22d71ef94f2f.js?body=1" for ::1 at 2015-02-11 14:01:34 +0900


Started GET "/assets/pages-fcec5b5a277ac7c20cc9f45a209a3bcd.js?body=1" for ::1 at 2015-02-11 14:01:34 +0900


Started GET "/assets/turbolinks-da8ddad9c2c5483d4c5c30c1ce325253.js?body=1" for ::1 at 2015-02-11 14:01:34 +0900


Started GET "/assets/application-78fcccba0b55a20c04b71be8b7b49f35.js?body=1" for ::1 at 2015-02-11 14:01:34 +0900
